<?xml version="1.0" encoding="UTF-8"?>
<!-- Generated by org.testng.reporters.JUnitXMLReporter -->
<testsuite hostname="LAPTOP-F8DCANP1" name="Test" tests="1" failures="1" timestamp="2 Mar 2020 09:03:10 GMT" time="17.287" errors="0">
  <testcase name="mvntest" time="17.229" classname="Nautilus.Testone">
    <failure type="org.openqa.selenium.SessionNotCreatedException" message="session not created
from chrome not reachable
  (Session info: chrome=80.0.3987.122)
Build info: version: &amp;apos;3.141.59&amp;apos;, revision: &amp;apos;e82be7d358&amp;apos;, time: &amp;apos;2018-11-14T08:17:03&amp;apos;
System info: host: &amp;apos;LAPTOP-F8DCANP1&amp;apos;, ip: &amp;apos;192.168.21.1&amp;apos;, os.name: &amp;apos;Windows 10&amp;apos;, os.arch: &amp;apos;amd64&amp;apos;, os.version: &amp;apos;10.0&amp;apos;, java.version: &amp;apos;1.8.0_201&amp;apos;
Driver info: driver.version: ChromeDriver
remote stacktrace: Backtrace:
	Ordinal0 [0x00EEA113+1548563]
	Ordinal0 [0x00E6DDA1+1039777]
	Ordinal0 [0x00DEE32E+516910]
	Ordinal0 [0x00DE8012+491538]
	Ordinal0 [0x00DE86EB+493291]
	Ordinal0 [0x00DE9855+497749]
	Ordinal0 [0x00DE5885+481413]
	Ordinal0 [0x00DEF0D0+520400]
	Ordinal0 [0x00D9C030+180272]
	Ordinal0 [0x00D9B59D+177565]
	Ordinal0 [0x00D995FB+169467]
	Ordinal0 [0x00D8160A+71178]
	Ordinal0 [0x00D82690+75408]
	Ordinal0 [0x00D82629+75305]
	Ordinal0 [0x00E871B7+1143223]
	GetHandleVerifier [0x00F82B46+507814]
	GetHandleVerifier [0x00F82864+507076]
	GetHandleVerifier [0x00F89F47+537511]
	GetHandleVerifier [0x00F83402+510050]
	Ordinal0 [0x00E7F29C+1110684]
	Ordinal0 [0x00E8938B+1151883]
	Ordinal0 [0x00E894F3+1152243]
	Ordinal0 [0x00E883F5+1147893]
	BaseThreadInitThunk [0x76BF6359+25]
	RtlGetAppContainerNamedObjectPath [0x77C67B74+228]
	RtlGetAppContainerNamedObjectPath [0x77C67B44+180]
">
      <![CDATA[org.openqa.selenium.SessionNotCreatedException: session not created
from chrome not reachable
  (Session info: chrome=80.0.3987.122)
Build info: version: '3.141.59', revision: 'e82be7d358', time: '2018-11-14T08:17:03'
System info: host: 'LAPTOP-F8DCANP1', ip: '192.168.21.1', os.name: 'Windows 10', os.arch: 'amd64', os.version: '10.0', java.version: '1.8.0_201'
Driver info: driver.version: ChromeDriver
remote stacktrace: Backtrace:
	Ordinal0 [0x00EEA113+1548563]
	Ordinal0 [0x00E6DDA1+1039777]
	Ordinal0 [0x00DEE32E+516910]
	Ordinal0 [0x00DE8012+491538]
	Ordinal0 [0x00DE86EB+493291]
	Ordinal0 [0x00DE9855+497749]
	Ordinal0 [0x00DE5885+481413]
	Ordinal0 [0x00DEF0D0+520400]
	Ordinal0 [0x00D9C030+180272]
	Ordinal0 [0x00D9B59D+177565]
	Ordinal0 [0x00D995FB+169467]
	Ordinal0 [0x00D8160A+71178]
	Ordinal0 [0x00D82690+75408]
	Ordinal0 [0x00D82629+75305]
	Ordinal0 [0x00E871B7+1143223]
	GetHandleVerifier [0x00F82B46+507814]
	GetHandleVerifier [0x00F82864+507076]
	GetHandleVerifier [0x00F89F47+537511]
	GetHandleVerifier [0x00F83402+510050]
	Ordinal0 [0x00E7F29C+1110684]
	Ordinal0 [0x00E8938B+1151883]
	Ordinal0 [0x00E894F3+1152243]
	Ordinal0 [0x00E883F5+1147893]
	BaseThreadInitThunk [0x76BF6359+25]
	RtlGetAppContainerNamedObjectPath [0x77C67B74+228]
	RtlGetAppContainerNamedObjectPath [0x77C67B44+180]

	at org.openqa.selenium.remote.W3CHandshakeResponse.lambda$errorHandler$0(W3CHandshakeResponse.java:62)
	at org.openqa.selenium.remote.HandshakeResponse.lambda$getResponseFunction$0(HandshakeResponse.java:30)
	at org.openqa.selenium.remote.ProtocolHandshake.lambda$createSession$0(ProtocolHandshake.java:126)
	at java.util.stream.ReferencePipeline$3$1.accept(Unknown Source)
	at java.util.Spliterators$ArraySpliterator.tryAdvance(Unknown Source)
	at java.util.stream.ReferencePipeline.forEachWithCancel(Unknown Source)
	at java.util.stream.AbstractPipeline.copyIntoWithCancel(Unknown Source)
	at java.util.stream.AbstractPipeline.copyInto(Unknown Source)
	at java.util.stream.AbstractPipeline.wrapAndCopyInto(Unknown Source)
	at java.util.stream.FindOps$FindOp.evaluateSequential(Unknown Source)
	at java.util.stream.AbstractPipeline.evaluate(Unknown Source)
	at java.util.stream.ReferencePipeline.findFirst(Unknown Source)
	at org.openqa.selenium.remote.ProtocolHandshake.createSession(ProtocolHandshake.java:128)
	at org.openqa.selenium.remote.ProtocolHandshake.createSession(ProtocolHandshake.java:74)
	at org.openqa.selenium.remote.HttpCommandExecutor.execute(HttpCommandExecutor.java:136)
	at org.openqa.selenium.remote.service.DriverCommandExecutor.execute(DriverCommandExecutor.java:83)
	at org.openqa.selenium.remote.RemoteWebDriver.execute(RemoteWebDriver.java:552)
	at org.openqa.selenium.remote.RemoteWebDriver.startSession(RemoteWebDriver.java:213)
	at org.openqa.selenium.remote.RemoteWebDriver.<init>(RemoteWebDriver.java:131)
	at org.openqa.selenium.chrome.ChromeDriver.<init>(ChromeDriver.java:181)
	at org.openqa.selenium.chrome.ChromeDriver.<init>(ChromeDriver.java:168)
	at org.openqa.selenium.chrome.ChromeDriver.<init>(ChromeDriver.java:123)
	at Nautilus.Testone.mvntest(Testone.java:14)
... Removed 29 stack frames]]>
    </failure>
  </testcase> <!-- mvntest -->
</testsuite> <!-- Test -->
